package configuration for libffi is not found
have_header: checking for ffi.h... -------------------- no

"gcc -o conftest -IC:/RailsInstaller/Ruby1.9.2/include/ruby-1.9.1/i386-mingw32 -IC:/RailsInstaller/Ruby1.9.2/include/ruby-1.9.1/ruby/backward -IC:/RailsInstaller/Ruby1.9.2/include/ruby-1.9.1 -I.     -O3 -g -Wextra -Wno-unused-parameter -Wno-parentheses -Wpointer-arith -Wwrite-strings -Wno-missing-field-initializers -Wno-long-long conftest.c  -L. -LC:/RailsInstaller/Ruby1.9.2/lib -L. -LC:\\Users\\Luis\\Projects\\oss\\oneclick\\rubyinstaller\\sandbox\\tk\\lib -LC:\\Users\\Luis\\Projects\\oss\\oneclick\\rubyinstaller\\sandbox\\tcl\\lib -LC:\\Users\\Luis\\Projects\\oss\\oneclick\\rubyinstaller\\sandbox\\libyaml\\lib -LC:\\Users\\Luis\\Projects\\oss\\oneclick\\rubyinstaller\\sandbox\\pdcurses\\lib -LC:\\Users\\Luis\\Projects\\oss\\oneclick\\rubyinstaller\\sandbox\\openssl\\lib -LC:\\Users\\Luis\\Projects\\oss\\oneclick\\rubyinstaller\\sandbox\\zlib\\lib -LC:\\Users\\Luis\\Projects\\oss\\oneclick\\rubyinstaller\\sandbox\\iconv\\lib -LC:\\Users\\Luis\\Projects\\oss\\oneclick\\rubyinstaller\\sandbox\\gdbm\\lib -LC:\\Users\\Luis\\Projects\\oss\\oneclick\\rubyinstaller\\sandbox\\libffi\\lib      -lmsvcrt-ruby191-static  -lshell32 -lws2_32  "
checked program was:
/* begin */
1: #include "ruby.h"
2: 
3: #include <winsock2.h>
4: #include <windows.h>
5: int main() {return 0;}
/* end */

"gcc -E -IC:/RailsInstaller/Ruby1.9.2/include/ruby-1.9.1/i386-mingw32 -IC:/RailsInstaller/Ruby1.9.2/include/ruby-1.9.1/ruby/backward -IC:/RailsInstaller/Ruby1.9.2/include/ruby-1.9.1 -I.     -O3 -g -Wextra -Wno-unused-parameter -Wno-parentheses -Wpointer-arith -Wwrite-strings -Wno-missing-field-initializers -Wno-long-long  conftest.c -o conftest.i"
conftest.c:5:17: fatal error: ffi.h: No such file or directory
compilation terminated.
checked program was:
/* begin */
1: #include "ruby.h"
2: 
3: #include <winsock2.h>
4: #include <windows.h>
5: #include <ffi.h>
/* end */

--------------------

find_header: checking for ffi.h in /usr/local/include... -------------------- no

"gcc -E -IC:/RailsInstaller/Ruby1.9.2/include/ruby-1.9.1/i386-mingw32 -IC:/RailsInstaller/Ruby1.9.2/include/ruby-1.9.1/ruby/backward -IC:/RailsInstaller/Ruby1.9.2/include/ruby-1.9.1 -I.     -O3 -g -Wextra -Wno-unused-parameter -Wno-parentheses -Wpointer-arith -Wwrite-strings -Wno-missing-field-initializers -Wno-long-long  conftest.c -o conftest.i"
conftest.c:5:17: fatal error: ffi.h: No such file or directory
compilation terminated.
checked program was:
/* begin */
1: #include "ruby.h"
2: 
3: #include <winsock2.h>
4: #include <windows.h>
5: #include <ffi.h>
/* end */

"gcc -E -IC:/RailsInstaller/Ruby1.9.2/include/ruby-1.9.1/i386-mingw32 -IC:/RailsInstaller/Ruby1.9.2/include/ruby-1.9.1/ruby/backward -IC:/RailsInstaller/Ruby1.9.2/include/ruby-1.9.1 -I.     -O3 -g -Wextra -Wno-unused-parameter -Wno-parentheses -Wpointer-arith -Wwrite-strings -Wno-missing-field-initializers -Wno-long-long -I/usr/local/include conftest.c -o conftest.i"
conftest.c:5:17: fatal error: ffi.h: No such file or directory
compilation terminated.
checked program was:
/* begin */
1: #include "ruby.h"
2: 
3: #include <winsock2.h>
4: #include <windows.h>
5: #include <ffi.h>
/* end */

--------------------

have_func: checking for rb_thread_blocking_region()... -------------------- yes

"gcc -o conftest -IC:/RailsInstaller/Ruby1.9.2/include/ruby-1.9.1/i386-mingw32 -IC:/RailsInstaller/Ruby1.9.2/include/ruby-1.9.1/ruby/backward -IC:/RailsInstaller/Ruby1.9.2/include/ruby-1.9.1 -I.     -O3 -g -Wextra -Wno-unused-parameter -Wno-parentheses -Wpointer-arith -Wwrite-strings -Wno-missing-field-initializers -Wno-long-long conftest.c  -L. -LC:/RailsInstaller/Ruby1.9.2/lib -L. -LC:\\Users\\Luis\\Projects\\oss\\oneclick\\rubyinstaller\\sandbox\\tk\\lib -LC:\\Users\\Luis\\Projects\\oss\\oneclick\\rubyinstaller\\sandbox\\tcl\\lib -LC:\\Users\\Luis\\Projects\\oss\\oneclick\\rubyinstaller\\sandbox\\libyaml\\lib -LC:\\Users\\Luis\\Projects\\oss\\oneclick\\rubyinstaller\\sandbox\\pdcurses\\lib -LC:\\Users\\Luis\\Projects\\oss\\oneclick\\rubyinstaller\\sandbox\\openssl\\lib -LC:\\Users\\Luis\\Projects\\oss\\oneclick\\rubyinstaller\\sandbox\\zlib\\lib -LC:\\Users\\Luis\\Projects\\oss\\oneclick\\rubyinstaller\\sandbox\\iconv\\lib -LC:\\Users\\Luis\\Projects\\oss\\oneclick\\rubyinstaller\\sandbox\\gdbm\\lib -LC:\\Users\\Luis\\Projects\\oss\\oneclick\\rubyinstaller\\sandbox\\libffi\\lib      -lmsvcrt-ruby191-static  -lshell32 -lws2_32  "
checked program was:
/* begin */
1: #include "ruby.h"
2: 
3: #include <winsock2.h>
4: #include <windows.h>
5: 
6: /*top*/
7: int main() {return 0;}
8: int t() { void ((*volatile p)()); p = (void ((*)()))rb_thread_blocking_region; return 0; }
/* end */

--------------------

have_func: checking for ruby_thread_has_gvl_p()... -------------------- yes

"gcc -o conftest -IC:/RailsInstaller/Ruby1.9.2/include/ruby-1.9.1/i386-mingw32 -IC:/RailsInstaller/Ruby1.9.2/include/ruby-1.9.1/ruby/backward -IC:/RailsInstaller/Ruby1.9.2/include/ruby-1.9.1 -I.     -O3 -g -Wextra -Wno-unused-parameter -Wno-parentheses -Wpointer-arith -Wwrite-strings -Wno-missing-field-initializers -Wno-long-long conftest.c  -L. -LC:/RailsInstaller/Ruby1.9.2/lib -L. -LC:\\Users\\Luis\\Projects\\oss\\oneclick\\rubyinstaller\\sandbox\\tk\\lib -LC:\\Users\\Luis\\Projects\\oss\\oneclick\\rubyinstaller\\sandbox\\tcl\\lib -LC:\\Users\\Luis\\Projects\\oss\\oneclick\\rubyinstaller\\sandbox\\libyaml\\lib -LC:\\Users\\Luis\\Projects\\oss\\oneclick\\rubyinstaller\\sandbox\\pdcurses\\lib -LC:\\Users\\Luis\\Projects\\oss\\oneclick\\rubyinstaller\\sandbox\\openssl\\lib -LC:\\Users\\Luis\\Projects\\oss\\oneclick\\rubyinstaller\\sandbox\\zlib\\lib -LC:\\Users\\Luis\\Projects\\oss\\oneclick\\rubyinstaller\\sandbox\\iconv\\lib -LC:\\Users\\Luis\\Projects\\oss\\oneclick\\rubyinstaller\\sandbox\\gdbm\\lib -LC:\\Users\\Luis\\Projects\\oss\\oneclick\\rubyinstaller\\sandbox\\libffi\\lib      -lmsvcrt-ruby191-static  -lshell32 -lws2_32  "
conftest.c: In function 't':
conftest.c:8:53: error: 'ruby_thread_has_gvl_p' undeclared (first use in this function)
conftest.c:8:53: note: each undeclared identifier is reported only once for each function it appears in
checked program was:
/* begin */
1: #include "ruby.h"
2: 
3: #include <winsock2.h>
4: #include <windows.h>
5: 
6: /*top*/
7: int main() {return 0;}
8: int t() { void ((*volatile p)()); p = (void ((*)()))ruby_thread_has_gvl_p; return 0; }
/* end */

"gcc -o conftest -IC:/RailsInstaller/Ruby1.9.2/include/ruby-1.9.1/i386-mingw32 -IC:/RailsInstaller/Ruby1.9.2/include/ruby-1.9.1/ruby/backward -IC:/RailsInstaller/Ruby1.9.2/include/ruby-1.9.1 -I.     -O3 -g -Wextra -Wno-unused-parameter -Wno-parentheses -Wpointer-arith -Wwrite-strings -Wno-missing-field-initializers -Wno-long-long conftest.c  -L. -LC:/RailsInstaller/Ruby1.9.2/lib -L. -LC:\\Users\\Luis\\Projects\\oss\\oneclick\\rubyinstaller\\sandbox\\tk\\lib -LC:\\Users\\Luis\\Projects\\oss\\oneclick\\rubyinstaller\\sandbox\\tcl\\lib -LC:\\Users\\Luis\\Projects\\oss\\oneclick\\rubyinstaller\\sandbox\\libyaml\\lib -LC:\\Users\\Luis\\Projects\\oss\\oneclick\\rubyinstaller\\sandbox\\pdcurses\\lib -LC:\\Users\\Luis\\Projects\\oss\\oneclick\\rubyinstaller\\sandbox\\openssl\\lib -LC:\\Users\\Luis\\Projects\\oss\\oneclick\\rubyinstaller\\sandbox\\zlib\\lib -LC:\\Users\\Luis\\Projects\\oss\\oneclick\\rubyinstaller\\sandbox\\iconv\\lib -LC:\\Users\\Luis\\Projects\\oss\\oneclick\\rubyinstaller\\sandbox\\gdbm\\lib -LC:\\Users\\Luis\\Projects\\oss\\oneclick\\rubyinstaller\\sandbox\\libffi\\lib      -lmsvcrt-ruby191-static  -lshell32 -lws2_32  "
checked program was:
/* begin */
1: #include "ruby.h"
2: 
3: #include <winsock2.h>
4: #include <windows.h>
5: 
6: /*top*/
7: int main() {return 0;}
8: int t() { ruby_thread_has_gvl_p(); return 0; }
/* end */

--------------------

have_func: checking for ruby_native_thread_p()... -------------------- yes

"gcc -o conftest -IC:/RailsInstaller/Ruby1.9.2/include/ruby-1.9.1/i386-mingw32 -IC:/RailsInstaller/Ruby1.9.2/include/ruby-1.9.1/ruby/backward -IC:/RailsInstaller/Ruby1.9.2/include/ruby-1.9.1 -I.     -O3 -g -Wextra -Wno-unused-parameter -Wno-parentheses -Wpointer-arith -Wwrite-strings -Wno-missing-field-initializers -Wno-long-long conftest.c  -L. -LC:/RailsInstaller/Ruby1.9.2/lib -L. -LC:\\Users\\Luis\\Projects\\oss\\oneclick\\rubyinstaller\\sandbox\\tk\\lib -LC:\\Users\\Luis\\Projects\\oss\\oneclick\\rubyinstaller\\sandbox\\tcl\\lib -LC:\\Users\\Luis\\Projects\\oss\\oneclick\\rubyinstaller\\sandbox\\libyaml\\lib -LC:\\Users\\Luis\\Projects\\oss\\oneclick\\rubyinstaller\\sandbox\\pdcurses\\lib -LC:\\Users\\Luis\\Projects\\oss\\oneclick\\rubyinstaller\\sandbox\\openssl\\lib -LC:\\Users\\Luis\\Projects\\oss\\oneclick\\rubyinstaller\\sandbox\\zlib\\lib -LC:\\Users\\Luis\\Projects\\oss\\oneclick\\rubyinstaller\\sandbox\\iconv\\lib -LC:\\Users\\Luis\\Projects\\oss\\oneclick\\rubyinstaller\\sandbox\\gdbm\\lib -LC:\\Users\\Luis\\Projects\\oss\\oneclick\\rubyinstaller\\sandbox\\libffi\\lib      -lmsvcrt-ruby191-static  -lshell32 -lws2_32  "
checked program was:
/* begin */
1: #include "ruby.h"
2: 
3: #include <winsock2.h>
4: #include <windows.h>
5: 
6: /*top*/
7: int main() {return 0;}
8: int t() { void ((*volatile p)()); p = (void ((*)()))ruby_native_thread_p; return 0; }
/* end */

--------------------

have_func: checking for rb_thread_call_with_gvl()... -------------------- yes

"gcc -o conftest -IC:/RailsInstaller/Ruby1.9.2/include/ruby-1.9.1/i386-mingw32 -IC:/RailsInstaller/Ruby1.9.2/include/ruby-1.9.1/ruby/backward -IC:/RailsInstaller/Ruby1.9.2/include/ruby-1.9.1 -I.     -O3 -g -Wextra -Wno-unused-parameter -Wno-parentheses -Wpointer-arith -Wwrite-strings -Wno-missing-field-initializers -Wno-long-long conftest.c  -L. -LC:/RailsInstaller/Ruby1.9.2/lib -L. -LC:\\Users\\Luis\\Projects\\oss\\oneclick\\rubyinstaller\\sandbox\\tk\\lib -LC:\\Users\\Luis\\Projects\\oss\\oneclick\\rubyinstaller\\sandbox\\tcl\\lib -LC:\\Users\\Luis\\Projects\\oss\\oneclick\\rubyinstaller\\sandbox\\libyaml\\lib -LC:\\Users\\Luis\\Projects\\oss\\oneclick\\rubyinstaller\\sandbox\\pdcurses\\lib -LC:\\Users\\Luis\\Projects\\oss\\oneclick\\rubyinstaller\\sandbox\\openssl\\lib -LC:\\Users\\Luis\\Projects\\oss\\oneclick\\rubyinstaller\\sandbox\\zlib\\lib -LC:\\Users\\Luis\\Projects\\oss\\oneclick\\rubyinstaller\\sandbox\\iconv\\lib -LC:\\Users\\Luis\\Projects\\oss\\oneclick\\rubyinstaller\\sandbox\\gdbm\\lib -LC:\\Users\\Luis\\Projects\\oss\\oneclick\\rubyinstaller\\sandbox\\libffi\\lib      -lmsvcrt-ruby191-static  -lshell32 -lws2_32  "
conftest.c: In function 't':
conftest.c:8:53: error: 'rb_thread_call_with_gvl' undeclared (first use in this function)
conftest.c:8:53: note: each undeclared identifier is reported only once for each function it appears in
checked program was:
/* begin */
1: #include "ruby.h"
2: 
3: #include <winsock2.h>
4: #include <windows.h>
5: 
6: /*top*/
7: int main() {return 0;}
8: int t() { void ((*volatile p)()); p = (void ((*)()))rb_thread_call_with_gvl; return 0; }
/* end */

"gcc -o conftest -IC:/RailsInstaller/Ruby1.9.2/include/ruby-1.9.1/i386-mingw32 -IC:/RailsInstaller/Ruby1.9.2/include/ruby-1.9.1/ruby/backward -IC:/RailsInstaller/Ruby1.9.2/include/ruby-1.9.1 -I.     -O3 -g -Wextra -Wno-unused-parameter -Wno-parentheses -Wpointer-arith -Wwrite-strings -Wno-missing-field-initializers -Wno-long-long conftest.c  -L. -LC:/RailsInstaller/Ruby1.9.2/lib -L. -LC:\\Users\\Luis\\Projects\\oss\\oneclick\\rubyinstaller\\sandbox\\tk\\lib -LC:\\Users\\Luis\\Projects\\oss\\oneclick\\rubyinstaller\\sandbox\\tcl\\lib -LC:\\Users\\Luis\\Projects\\oss\\oneclick\\rubyinstaller\\sandbox\\libyaml\\lib -LC:\\Users\\Luis\\Projects\\oss\\oneclick\\rubyinstaller\\sandbox\\pdcurses\\lib -LC:\\Users\\Luis\\Projects\\oss\\oneclick\\rubyinstaller\\sandbox\\openssl\\lib -LC:\\Users\\Luis\\Projects\\oss\\oneclick\\rubyinstaller\\sandbox\\zlib\\lib -LC:\\Users\\Luis\\Projects\\oss\\oneclick\\rubyinstaller\\sandbox\\iconv\\lib -LC:\\Users\\Luis\\Projects\\oss\\oneclick\\rubyinstaller\\sandbox\\gdbm\\lib -LC:\\Users\\Luis\\Projects\\oss\\oneclick\\rubyinstaller\\sandbox\\libffi\\lib      -lmsvcrt-ruby191-static  -lshell32 -lws2_32  "
checked program was:
/* begin */
1: #include "ruby.h"
2: 
3: #include <winsock2.h>
4: #include <windows.h>
5: 
6: /*top*/
7: int main() {return 0;}
8: int t() { rb_thread_call_with_gvl(); return 0; }
/* end */

--------------------

